mode: set
github.com/netosts/goledger-challenge-besu/internal/database/database.go:19.26,27.2 1 0
github.com/netosts/goledger-challenge-besu/internal/database/database.go:29.45,34.16 3 0
github.com/netosts/goledger-challenge-besu/internal/database/database.go:34.16,36.3 1 0
github.com/netosts/goledger-challenge-besu/internal/database/database.go:38.2,38.34 1 0
github.com/netosts/goledger-challenge-besu/internal/database/database.go:38.34,41.3 2 0
github.com/netosts/goledger-challenge-besu/internal/database/database.go:43.2,43.16 1 0
github.com/netosts/goledger-challenge-besu/internal/database/database.go:46.41,62.16 3 0
github.com/netosts/goledger-challenge-besu/internal/database/database.go:62.16,64.3 1 0
github.com/netosts/goledger-challenge-besu/internal/database/database.go:66.2,66.12 1 0
github.com/netosts/goledger-challenge-besu/internal/database/database.go:69.55,70.42 1 0
github.com/netosts/goledger-challenge-besu/internal/database/database.go:70.42,72.3 1 0
github.com/netosts/goledger-challenge-besu/internal/database/database.go:73.2,73.21 1 0
github.com/netosts/goledger-challenge-besu/internal/models/models.go:37.43,38.20 1 1
github.com/netosts/goledger-challenge-besu/internal/models/models.go:38.20,40.3 1 1
github.com/netosts/goledger-challenge-besu/internal/models/models.go:42.2,42.12 1 1
github.com/netosts/goledger-challenge-besu/internal/repositories/repositories.go:21.60,23.2 1 0
github.com/netosts/goledger-challenge-besu/internal/repositories/repositories.go:25.76,30.16 4 0
github.com/netosts/goledger-challenge-besu/internal/repositories/repositories.go:30.16,31.27 1 0
github.com/netosts/goledger-challenge-besu/internal/repositories/repositories.go:31.27,33.4 1 0
github.com/netosts/goledger-challenge-besu/internal/repositories/repositories.go:34.3,34.57 1 0
github.com/netosts/goledger-challenge-besu/internal/repositories/repositories.go:37.2,37.17 1 0
github.com/netosts/goledger-challenge-besu/internal/repositories/repositories.go:40.59,48.16 3 0
github.com/netosts/goledger-challenge-besu/internal/repositories/repositories.go:48.16,50.3 1 0
github.com/netosts/goledger-challenge-besu/internal/repositories/repositories.go:52.2,53.16 2 0
github.com/netosts/goledger-challenge-besu/internal/repositories/repositories.go:53.16,55.3 1 0
github.com/netosts/goledger-challenge-besu/internal/repositories/repositories.go:57.2,57.23 1 0
github.com/netosts/goledger-challenge-besu/internal/repositories/repositories.go:57.23,60.17 3 0
github.com/netosts/goledger-challenge-besu/internal/repositories/repositories.go:60.17,62.4 1 0
github.com/netosts/goledger-challenge-besu/internal/repositories/repositories.go:65.2,65.12 1 0
github.com/netosts/goledger-challenge-besu/internal/repositories/repositories.go:68.44,70.2 1 0
github.com/netosts/goledger-challenge-besu/internal/routes/contract.go:8.78,15.2 5 0
github.com/netosts/goledger-challenge-besu/internal/routes/routes.go:8.57,12.2 3 0
github.com/netosts/goledger-challenge-besu/internal/routes/routes.go:12.2,14.3 1 0
github.com/netosts/goledger-challenge-besu/internal/routes/routes.go:16.2,16.15 1 0
github.com/netosts/goledger-challenge-besu/internal/services/services.go:31.81,34.16 2 0
github.com/netosts/goledger-challenge-besu/internal/services/services.go:34.16,36.3 1 0
github.com/netosts/goledger-challenge-besu/internal/services/services.go:39.2,41.16 3 0
github.com/netosts/goledger-challenge-besu/internal/services/services.go:41.16,43.3 1 0
github.com/netosts/goledger-challenge-besu/internal/services/services.go:46.2,47.16 2 0
github.com/netosts/goledger-challenge-besu/internal/services/services.go:47.16,50.3 2 0
github.com/netosts/goledger-challenge-besu/internal/services/services.go:53.2,54.43 2 0
github.com/netosts/goledger-challenge-besu/internal/services/services.go:54.43,57.3 2 0
github.com/netosts/goledger-challenge-besu/internal/services/services.go:60.2,61.25 2 0
github.com/netosts/goledger-challenge-besu/internal/services/services.go:61.25,64.3 2 0
github.com/netosts/goledger-challenge-besu/internal/services/services.go:66.2,67.16 2 0
github.com/netosts/goledger-challenge-besu/internal/services/services.go:67.16,70.3 2 0
github.com/netosts/goledger-challenge-besu/internal/services/services.go:72.2,79.8 1 0
github.com/netosts/goledger-challenge-besu/internal/services/services.go:83.36,84.22 1 0
github.com/netosts/goledger-challenge-besu/internal/services/services.go:84.22,86.3 1 0
github.com/netosts/goledger-challenge-besu/internal/services/services.go:119.57,120.53 1 0
github.com/netosts/goledger-challenge-besu/internal/services/services.go:120.53,122.3 1 0
github.com/netosts/goledger-challenge-besu/internal/services/services.go:128.2,128.12 1 0
github.com/netosts/goledger-challenge-besu/internal/services/services.go:131.55,133.2 1 0
github.com/netosts/goledger-challenge-besu/internal/services/services.go:135.46,137.16 2 0
github.com/netosts/goledger-challenge-besu/internal/services/services.go:137.16,139.3 1 0
github.com/netosts/goledger-challenge-besu/internal/services/services.go:141.2,141.58 1 0
github.com/netosts/goledger-challenge-besu/internal/services/services.go:141.58,143.3 1 0
github.com/netosts/goledger-challenge-besu/internal/services/services.go:145.2,145.12 1 0
github.com/netosts/goledger-challenge-besu/internal/services/services.go:148.72,150.16 2 0
github.com/netosts/goledger-challenge-besu/internal/services/services.go:150.16,152.3 1 0
github.com/netosts/goledger-challenge-besu/internal/services/services.go:154.2,155.16 2 0
github.com/netosts/goledger-challenge-besu/internal/services/services.go:155.16,157.3 1 0
github.com/netosts/goledger-challenge-besu/internal/services/services.go:159.2,165.22 2 0
github.com/netosts/goledger-challenge-besu/internal/services/services.go:168.67,181.16 5 0
github.com/netosts/goledger-challenge-besu/internal/services/services.go:181.16,183.3 1 0
github.com/netosts/goledger-challenge-besu/internal/services/services.go:185.2,190.16 5 0
github.com/netosts/goledger-challenge-besu/internal/services/services.go:190.16,192.3 1 0
github.com/netosts/goledger-challenge-besu/internal/services/services.go:194.2,197.16 3 0
github.com/netosts/goledger-challenge-besu/internal/services/services.go:197.16,199.3 1 0
github.com/netosts/goledger-challenge-besu/internal/services/services.go:201.2,202.12 2 0
github.com/netosts/goledger-challenge-besu/internal/services/services.go:205.65,224.16 7 0
github.com/netosts/goledger-challenge-besu/internal/services/services.go:224.16,226.3 1 0
github.com/netosts/goledger-challenge-besu/internal/services/services.go:228.2,228.22 1 0
github.com/netosts/goledger-challenge-besu/internal/services/services.go:228.22,230.3 1 0
github.com/netosts/goledger-challenge-besu/internal/services/services.go:232.2,233.9 2 0
github.com/netosts/goledger-challenge-besu/internal/services/services.go:233.9,235.3 1 0
github.com/netosts/goledger-challenge-besu/internal/services/services.go:237.2,237.29 1 0
github.com/netosts/goledger-challenge-besu/internal/services/services.go:240.55,241.42 1 0
github.com/netosts/goledger-challenge-besu/internal/services/services.go:241.42,243.3 1 0
github.com/netosts/goledger-challenge-besu/internal/services/services.go:244.2,244.21 1 0
github.com/netosts/goledger-challenge-besu/internal/handlers/handlers.go:17.77,21.2 1 1
github.com/netosts/goledger-challenge-besu/internal/handlers/handlers.go:23.44,25.47 2 1
github.com/netosts/goledger-challenge-besu/internal/handlers/handlers.go:25.47,30.3 2 1
github.com/netosts/goledger-challenge-besu/internal/handlers/handlers.go:32.2,32.38 1 1
github.com/netosts/goledger-challenge-besu/internal/handlers/handlers.go:32.38,37.3 2 1
github.com/netosts/goledger-challenge-besu/internal/handlers/handlers.go:39.2,41.62 2 1
github.com/netosts/goledger-challenge-besu/internal/handlers/handlers.go:41.62,47.3 3 1
github.com/netosts/goledger-challenge-besu/internal/handlers/handlers.go:49.2,51.4 1 1
github.com/netosts/goledger-challenge-besu/internal/handlers/handlers.go:54.44,56.16 2 1
github.com/netosts/goledger-challenge-besu/internal/handlers/handlers.go:56.16,61.3 2 1
github.com/netosts/goledger-challenge-besu/internal/handlers/handlers.go:63.2,65.4 1 1
github.com/netosts/goledger-challenge-besu/internal/handlers/handlers.go:68.45,69.54 1 1
github.com/netosts/goledger-challenge-besu/internal/handlers/handlers.go:69.54,74.3 2 1
github.com/netosts/goledger-challenge-besu/internal/handlers/handlers.go:76.2,78.4 1 1
github.com/netosts/goledger-challenge-besu/internal/handlers/handlers.go:81.46,83.16 2 1
github.com/netosts/goledger-challenge-besu/internal/handlers/handlers.go:83.16,88.3 2 1
github.com/netosts/goledger-challenge-besu/internal/handlers/handlers.go:90.2,90.31 1 1
github.com/netosts/goledger-challenge-besu/internal/handlers/handlers.go:93.47,97.2 1 1
